\BOOKMARK [1][-]{section*.1}{Course\040Outline}{}% 1
\BOOKMARK [1][-]{section*.2}{Part\040I:\040Getting\040Started\040with\040Data\040and\040Coding}{}% 2
\BOOKMARK [2][-]{subsection*.3}{Week\04001,\04001/16\040-\04001/20}{section*.2}% 3
\BOOKMARK [2][-]{subsection*.4}{Week\04002,\04001/23\040-\04001/27}{section*.2}% 4
\BOOKMARK [2][-]{subsection*.5}{Week\04003,\04001/30\040-\04002/03}{section*.2}% 5
\BOOKMARK [2][-]{subsection*.6}{Week\04004,\04002/06\040-\04002/10}{section*.2}% 6
\BOOKMARK [1][-]{section*.7}{Part\040II:\040Answering\040Questions\040with\040Statistical\040Analysis}{}% 7
\BOOKMARK [2][-]{subsection*.8}{Week\04005,\04002/13\040-\04002/17}{section*.7}% 8
\BOOKMARK [2][-]{subsection*.9}{Week\04006,\04002/20\040-\04002/24}{section*.7}% 9
\BOOKMARK [2][-]{subsection*.10}{Week\04007,\04002/27\040-\04003/03}{section*.7}% 10
\BOOKMARK [1][-]{section*.11}{Part\040III:\040It's\040Complicated}{}% 11
\BOOKMARK [2][-]{subsection*.12}{Week\04008,\04003/06\040-\04003/10}{section*.11}% 12
\BOOKMARK [2][-]{subsection*.13}{Week\04009,\04003/13\040-\04003/17}{section*.11}% 13
\BOOKMARK [2][-]{subsection*.14}{Week\04010,\04003/20\040-\04003/24}{section*.11}% 14
\BOOKMARK [2][-]{subsection*.15}{Week\04011,\04003/27\040-\04003/31}{section*.11}% 15
\BOOKMARK [2][-]{subsection*.16}{Week\04012,\04004/03\040-\04004/07}{section*.11}% 16
\BOOKMARK [1][-]{section*.17}{Part\040IV:\040Choosing\040your\040own\040path\040and\040gaining\040independence}{}% 17
\BOOKMARK [2][-]{subsection*.18}{Week\04013,\04004/10\040-\04004/14}{section*.17}% 18
\BOOKMARK [2][-]{subsection*.19}{Week\04014,\04004/17\040-\04004/21}{section*.17}% 19
\BOOKMARK [2][-]{subsection*.20}{Week\04015,\04004/24\040-\04004/28}{section*.17}% 20
\BOOKMARK [2][-]{subsection*.21}{Week\04016,\04005/01\040-\04005/05}{section*.17}% 21
\BOOKMARK [1][-]{section*.22}{Course\040Description}{}% 22
\BOOKMARK [1][-]{section*.23}{Course\040Objectives}{}% 23
\BOOKMARK [1][-]{section*.29}{Analysis\040Software\040&\040Technology}{}% 24
\BOOKMARK [1][-]{section*.30}{Required\040Readings}{}% 25
\BOOKMARK [1][-]{section*.31}{Resources}{}% 26
\BOOKMARK [2][-]{subsection*.32}{We\040Have\040a\040TA!}{section*.31}% 27
\BOOKMARK [2][-]{subsection*.33}{Accessibility}{section*.31}% 28
\BOOKMARK [2][-]{subsection*.34}{Writing\040Center}{section*.31}% 29
\BOOKMARK [2][-]{subsection*.35}{Multilingual\040Support\040\(L2\)}{section*.31}% 30
\BOOKMARK [2][-]{subsection*.36}{Reporting\040Sexual\040Assault}{section*.31}% 31
\BOOKMARK [2][-]{subsection*.37}{R\040Resources\040&\040Cheat\040Sheets}{section*.31}% 32
\BOOKMARK [1][-]{section*.38}{Course\040Policy}{}% 33
\BOOKMARK [2][-]{subsection*.39}{Grading\040Policy}{section*.38}% 34
\BOOKMARK [2][-]{subsection*.40}{E-mail\040Policy}{section*.38}% 35
\BOOKMARK [2][-]{subsection*.41}{Make-Up\040Assigment\040Policy}{section*.38}% 36
\BOOKMARK [2][-]{subsection*.42}{Attendance\040Policy}{section*.38}% 37
\BOOKMARK [2][-]{subsection*.43}{Computer-based\040Excuses}{section*.38}% 38
\BOOKMARK [2][-]{subsection*.44}{Late\040Assigments}{section*.38}% 39
\BOOKMARK [2][-]{subsection*.45}{Electronic\040Submission}{section*.38}% 40
\BOOKMARK [2][-]{subsection*.46}{Academic\040Dishonesty\040Policy}{section*.38}% 41
