\BOOKMARK [1][-]{section*.1}{Course\040Description}{}% 1
\BOOKMARK [1][-]{section*.2}{Course\040Objectives}{}% 2
\BOOKMARK [1][-]{section*.7}{Analysis\040Software}{}% 3
\BOOKMARK [1][-]{section*.8}{Required\040Readings}{}% 4
\BOOKMARK [1][-]{section*.9}{Resources}{}% 5
\BOOKMARK [2][-]{subsection*.10}{We\040Have\040a\040TA!}{section*.9}% 6
\BOOKMARK [2][-]{subsection*.11}{Accessibility}{section*.9}% 7
\BOOKMARK [2][-]{subsection*.12}{Writing\040Center}{section*.9}% 8
\BOOKMARK [2][-]{subsection*.13}{Multilingual\040Support\040\(L2\)}{section*.9}% 9
\BOOKMARK [2][-]{subsection*.14}{Reporting\040Sexual\040Assault}{section*.9}% 10
\BOOKMARK [2][-]{subsection*.15}{R\040Resources\040&\040Cheat\040Sheets}{section*.9}% 11
\BOOKMARK [1][-]{section*.16}{Course\040Policy}{}% 12
\BOOKMARK [2][-]{subsection*.17}{Grading\040Policy}{section*.16}% 13
\BOOKMARK [2][-]{subsection*.18}{E-mail\040Policy}{section*.16}% 14
\BOOKMARK [2][-]{subsection*.19}{Make-Up\040Assigment\040Policy}{section*.16}% 15
\BOOKMARK [2][-]{subsection*.20}{Second\040Chances\040Policy}{section*.16}% 16
\BOOKMARK [2][-]{subsection*.21}{Attendance\040Policy}{section*.16}% 17
\BOOKMARK [2][-]{subsection*.22}{Computer-based\040Excuses}{section*.16}% 18
\BOOKMARK [2][-]{subsection*.23}{Late\040Assigments}{section*.16}% 19
\BOOKMARK [2][-]{subsection*.24}{Electronic\040Submission}{section*.16}% 20
\BOOKMARK [2][-]{subsection*.25}{Academic\040Dishonesty\040Policy}{section*.16}% 21
\BOOKMARK [1][-]{section*.26}{Class\040Schedule}{}% 22
\BOOKMARK [1][-]{section*.27}{Getting\040Started}{}% 23
\BOOKMARK [2][-]{subsection*.28}{Week\04001,\04001/16\040-\04001/20:\040Welcome!}{section*.27}% 24
\BOOKMARK [1][-]{section*.29}{Part\040I:\040Cross-sectional\040Data}{}% 25
\BOOKMARK [2][-]{subsection*.30}{Week\04002,\04001/23\040-\04001/27:\040Getting\040Started}{section*.29}% 26
\BOOKMARK [2][-]{subsection*.31}{Week\04003,\04001/30\040-\04002/03:\040Making\040a\040Plot}{section*.29}% 27
\BOOKMARK [2][-]{subsection*.32}{Week\04004,\04002/06\040-\04002/10:\040Show\040the\040Right\040Numbers}{section*.29}% 28
\BOOKMARK [2][-]{subsection*.33}{Week\04005,\04002/13\040-\04002/17:\040Draw\040Maps}{section*.29}% 29
\BOOKMARK [2][-]{subsection*.34}{Week\04006,\04002/20\040-\04002/24:\040Finalize\040MA1}{section*.29}% 30
\BOOKMARK [1][-]{section*.35}{Part\040II:\040Time-series\040Data}{}% 31
\BOOKMARK [2][-]{subsection*.36}{Week\04008,\04003/06\040-\04003/10:\040Tables,\040Labels,\040and\040Notes}{section*.35}% 32
\BOOKMARK [2][-]{subsection*.37}{Week\04008,\04003/06\040-\04003/10:\040Refining\040Plots}{section*.35}% 33
\BOOKMARK [2][-]{subsection*.38}{Week\04009,\04003/13\040-\04003/17}{section*.35}% 34
\BOOKMARK [2][-]{subsection*.39}{Week\04010,\04003/20\040-\04003/24:\040More\040Refining\040and\040Finalize\040MA2}{section*.35}% 35
\BOOKMARK [1][-]{section*.40}{Part\040III:\040Survey\040Data}{}% 36
\BOOKMARK [2][-]{subsection*.41}{Week\04011,\04003/27\040-\04003/31:\040Dealing\040with\040Survey\040Data}{section*.40}% 37
\BOOKMARK [2][-]{subsection*.42}{Week\04012,\04004/03\040-\04004/07:\040Finalize\040MA3}{section*.40}% 38
\BOOKMARK [1][-]{section*.43}{Part\040IV:\040Choose-your-own-adventure}{}% 39
\BOOKMARK [2][-]{subsection*.44}{Week\04013,\04004/10\040-\04004/14:\040Your\040Adventure\040Starts!}{section*.43}% 40
\BOOKMARK [2][-]{subsection*.45}{Week\04014,\04004/17\040-\04004/21:\040The\040Adventure\040Continues}{section*.43}% 41
\BOOKMARK [2][-]{subsection*.46}{Week\04015,\04004/24\040-\04004/28:\040Finalizing\040MA4}{section*.43}% 42
\BOOKMARK [2][-]{subsection*.47}{Week\04016,\04005/01\040-\04005/05:\040You\040Made\040It!}{section*.43}% 43
